2025-06-02 21:32:05 | INFO |    OS: Linux
2025-06-02 21:32:05 | INFO |    precision is 16
2025-06-02 21:31:53 | INFO |    ***Sampling and splitting of the dataset.***
2025-06-02 21:31:53 | INFO |    Setup Molecule Tokens.
2025-06-02 21:31:53 | INFO |    ***Data augmentation is True.***
2025-06-02 21:31:53 | INFO |    Augmented SMILES data size:
2025-06-02 21:31:53 | INFO |    Tokens:
2025-06-02 21:31:53 | INFO |    ['n', '4', 'c', '3', '=', '[C@@]', '1', '2', '[N+]', ' ', '(', '[C@@H]', 'S', '/', 'C', '[nH]', 'O', 'F', '#', 'I', '[C@H]', 'N', 's', 'Br', 'Cl', '[O-]', '[S+2]', '5', '-', '[C@]', ')', '\\']
2025-06-02 21:31:53 | INFO |    Of size: 32
2025-06-02 21:31:53 | INFO |    Maximum length of tokenized SMILES: 48 tokens(termination spaces included)
2025-06-02 21:31:53 | INFO |    Dava validation method: cv.
2025-06-02 21:31:53 | INFO |    Num of fold: 3
2025-06-02 21:31:53 | INFO |    A new study created in memory with name: no-name-fa7ce7d1-a552-4c87-a40c-7145b9fcae69
2025-06-02 21:32:16 | INFO |    Trial 0 finished with value: 0.9542845881496033 and parameters: {'learning_rate': 0.0006824078427098838, 'n_lstm_dim': 8, 'n_dense_dim': 3, 'n_embedding_dim': 5}. Best is trial 0 with value: 0.9542845881496033.
2025-06-02 21:32:39 | INFO |    Trial 1 finished with value: 1.70929408506284 and parameters: {'learning_rate': 0.00019656753051200325, 'n_lstm_dim': 3, 'n_dense_dim': 4, 'n_embedding_dim': 5}. Best is trial 0 with value: 0.9542845881496033.
2025-06-02 21:33:02 | INFO |    Trial 2 finished with value: 0.8546711115968687 and parameters: {'learning_rate': 0.0006216342697722397, 'n_lstm_dim': 7, 'n_dense_dim': 6, 'n_embedding_dim': 8}. Best is trial 2 with value: 0.8546711115968687.
2025-06-02 21:33:35 | INFO |    Trial 3 finished with value: 1.0215810009683486 and parameters: {'learning_rate': 0.0002563920173316313, 'n_lstm_dim': 10, 'n_dense_dim': 3, 'n_embedding_dim': 8}. Best is trial 2 with value: 0.8546711115968687.
2025-06-02 21:33:44 | INFO |    Trial 4 finished with value: 0.9591785851127441 and parameters: {'learning_rate': 0.0006832971428089614, 'n_lstm_dim': 7, 'n_dense_dim': 4, 'n_embedding_dim': 4}. Best is trial 2 with value: 0.8546711115968687.
2025-06-02 21:34:05 | INFO |    Trial 5 finished with value: 0.4397620922123598 and parameters: {'learning_rate': 0.003994745694560914, 'n_lstm_dim': 10, 'n_dense_dim': 5, 'n_embedding_dim': 8}. Best is trial 5 with value: 0.4397620922123598.
2025-06-02 21:34:26 | INFO |    Trial 6 finished with value: 0.5598244800373706 and parameters: {'learning_rate': 0.0056595031319269075, 'n_lstm_dim': 10, 'n_dense_dim': 3, 'n_embedding_dim': 3}. Best is trial 5 with value: 0.4397620922123598.
2025-06-02 21:34:48 | INFO |    Trial 7 finished with value: 1.4399972130789997 and parameters: {'learning_rate': 0.00021860537655459686, 'n_lstm_dim': 10, 'n_dense_dim': 3, 'n_embedding_dim': 6}. Best is trial 5 with value: 0.4397620922123598.
2025-06-02 21:35:08 | INFO |    Trial 8 finished with value: 0.443298110471918 and parameters: {'learning_rate': 0.008237189558335287, 'n_lstm_dim': 7, 'n_dense_dim': 8, 'n_embedding_dim': 5}. Best is trial 5 with value: 0.4397620922123598.
2025-06-02 21:35:30 | INFO |    Trial 9 finished with value: 0.5581821286557114 and parameters: {'learning_rate': 0.002360488317475702, 'n_lstm_dim': 9, 'n_dense_dim': 3, 'n_embedding_dim': 9}. Best is trial 5 with value: 0.4397620922123598.
2025-06-02 21:35:51 | INFO |    Trial 10 finished with value: 0.4164434783945243 and parameters: {'learning_rate': 0.009499968774647321, 'n_lstm_dim': 8, 'n_dense_dim': 5, 'n_embedding_dim': 9}. Best is trial 10 with value: 0.4164434783945243.
2025-06-02 21:36:14 | INFO |    Trial 11 finished with value: 1.5035495390126734 and parameters: {'learning_rate': 0.0001608614626136742, 'n_lstm_dim': 6, 'n_dense_dim': 10, 'n_embedding_dim': 5}. Best is trial 10 with value: 0.4164434783945243.
2025-06-02 21:36:36 | INFO |    Trial 12 finished with value: 1.169568381797774 and parameters: {'learning_rate': 0.00037631426125345945, 'n_lstm_dim': 4, 'n_dense_dim': 3, 'n_embedding_dim': 8}. Best is trial 10 with value: 0.4164434783945243.
2025-06-02 21:36:59 | INFO |    Trial 13 finished with value: 1.540765278219917 and parameters: {'learning_rate': 0.0002650063204107469, 'n_lstm_dim': 5, 'n_dense_dim': 6, 'n_embedding_dim': 3}. Best is trial 10 with value: 0.4164434783945243.
2025-06-02 21:37:22 | INFO |    Trial 14 finished with value: 0.7246690095120266 and parameters: {'learning_rate': 0.001406809236306725, 'n_lstm_dim': 4, 'n_dense_dim': 7, 'n_embedding_dim': 8}. Best is trial 10 with value: 0.4164434783945243.
2025-06-02 21:37:44 | INFO |    Trial 15 finished with value: 1.6255394245457977 and parameters: {'learning_rate': 0.00016020234085819765, 'n_lstm_dim': 6, 'n_dense_dim': 8, 'n_embedding_dim': 6}. Best is trial 10 with value: 0.4164434783945243.
2025-06-02 21:38:07 | INFO |    Trial 16 finished with value: 1.4882546872787918 and parameters: {'learning_rate': 0.00012586556158866155, 'n_lstm_dim': 7, 'n_dense_dim': 8, 'n_embedding_dim': 7}. Best is trial 10 with value: 0.4164434783945243.
2025-06-02 21:38:29 | INFO |    Trial 17 finished with value: 0.5208955367319638 and parameters: {'learning_rate': 0.007747998214789683, 'n_lstm_dim': 7, 'n_dense_dim': 10, 'n_embedding_dim': 4}. Best is trial 10 with value: 0.4164434783945243.
2025-06-02 21:38:51 | INFO |    Trial 18 finished with value: 1.4462962243205497 and parameters: {'learning_rate': 0.00018991212552914015, 'n_lstm_dim': 9, 'n_dense_dim': 6, 'n_embedding_dim': 4}. Best is trial 10 with value: 0.4164434783945243.
2025-06-02 21:39:13 | INFO |    Trial 19 finished with value: 0.4701591759119332 and parameters: {'learning_rate': 0.007161717085944733, 'n_lstm_dim': 5, 'n_dense_dim': 9, 'n_embedding_dim': 8}. Best is trial 10 with value: 0.4164434783945243.
2025-06-02 21:39:34 | INFO |    Trial 20 finished with value: 0.4874410210481656 and parameters: {'learning_rate': 0.005842681096339225, 'n_lstm_dim': 7, 'n_dense_dim': 9, 'n_embedding_dim': 5}. Best is trial 10 with value: 0.4164434783945243.
2025-06-02 21:39:55 | INFO |    Trial 21 finished with value: 0.8576165947605928 and parameters: {'learning_rate': 0.00034662172842139723, 'n_lstm_dim': 10, 'n_dense_dim': 6, 'n_embedding_dim': 10}. Best is trial 10 with value: 0.4164434783945243.
2025-06-02 21:40:31 | INFO |    Trial 22 finished with value: 0.5549094779558951 and parameters: {'learning_rate': 0.0021226725104456306, 'n_lstm_dim': 7, 'n_dense_dim': 3, 'n_embedding_dim': 10}. Best is trial 10 with value: 0.4164434783945243.
2025-06-02 21:40:40 | INFO |    Trial 23 finished with value: 0.9514777920950818 and parameters: {'learning_rate': 0.0007940068825465454, 'n_lstm_dim': 7, 'n_dense_dim': 6, 'n_embedding_dim': 4}. Best is trial 10 with value: 0.4164434783945243.
2025-06-02 21:41:02 | INFO |    Trial 24 finished with value: 0.4625767054727481 and parameters: {'learning_rate': 0.006408539140313455, 'n_lstm_dim': 7, 'n_dense_dim': 3, 'n_embedding_dim': 7}. Best is trial 10 with value: 0.4164434783945243.
2025-06-02 21:41:36 | INFO |    Trial 25 finished with value: 1.131298287804783 and parameters: {'learning_rate': 0.000450080091947938, 'n_lstm_dim': 7, 'n_dense_dim': 10, 'n_embedding_dim': 5}. Best is trial 10 with value: 0.4164434783945243.
2025-06-02 21:41:59 | INFO |    Trial 26 finished with value: 0.4552294792865789 and parameters: {'learning_rate': 0.006562514890501746, 'n_lstm_dim': 7, 'n_dense_dim': 3, 'n_embedding_dim': 10}. Best is trial 10 with value: 0.4164434783945243.
2025-06-02 21:42:08 | INFO |    Trial 27 finished with value: 0.607053875836585 and parameters: {'learning_rate': 0.002408761688245719, 'n_lstm_dim': 10, 'n_dense_dim': 4, 'n_embedding_dim': 4}. Best is trial 10 with value: 0.4164434783945243.
2025-06-02 21:42:29 | INFO |    Trial 28 finished with value: 0.4433735710992792 and parameters: {'learning_rate': 0.007331467708754018, 'n_lstm_dim': 8, 'n_dense_dim': 3, 'n_embedding_dim': 9}. Best is trial 10 with value: 0.4164434783945243.
2025-06-02 21:42:52 | INFO |    Trial 29 finished with value: 0.5834211359962486 and parameters: {'learning_rate': 0.0032192327476420926, 'n_lstm_dim': 10, 'n_dense_dim': 8, 'n_embedding_dim': 3}. Best is trial 10 with value: 0.4164434783945243.
2025-06-02 21:42:52 | INFO |    Best Trial: 10 with RMSE value: 0.4164434783945243
2025-06-02 21:42:52 | INFO |    Best Params
2025-06-02 21:42:52 | INFO |    LSTM dim       |256
2025-06-02 21:42:52 | INFO |    Dense dim      |32
2025-06-02 21:42:52 | INFO |    Embedding dim  |512
2025-06-02 21:42:52 | INFO |    learning rate    |0.009499968774647321
2025-06-02 21:42:52 | INFO |    
2025-06-02 21:42:52 | INFO |    ***Training of the best model.***
2025-06-02 22:05:13 | INFO |    Training Finished !!!
2025-06-02 22:05:14 | INFO |    For the train set:
2025-06-02 22:05:14 | INFO |    MAE: 0.3504 RMSE: 0.4826 R2: 0.9838
2025-06-02 22:05:14 | INFO |    For the valid set:
2025-06-02 22:05:14 | INFO |    MAE: 0.4895 RMSE: 0.6719 R2: 0.9621
2025-06-02 22:05:14 | INFO |    For the test set:
2025-06-02 22:05:14 | INFO |    MAE: 0.6406 RMSE: 1.0841 R2: 0.9421
